<?xml version="1.0" encoding="UTF-8" standalone="yes"?>
<testsuites name="Life Charger Site Test Suite" time="28" tests="1" failures="0" errors="0">
    <testsuite name="Life Charger Site Test Suite" tests="1" failures="0" errors="0" time="28" timestamp="2019-10-22 21:05:08" hostname="BaPpY - 192.168.0.108" id="Test Suites/Site Browsing/Life Charger Site Test Suite">
        <properties>
            <property name="deviceName" value=""/>
            <property name="devicePlatform" value=""/>
            <property name="logFolder" value="G:\\Katalon Studio\\Katalon Workspace\\Web UI Testing Example\\Reports\\20191022_210429\\Site Browsing\\Life Charger Site Test Suite\\20191022_210430"/>
            <property name="logFiles" value="G:\\Katalon Studio\\Katalon Workspace\\Web UI Testing Example\\Reports\\20191022_210429\\Site Browsing\\Life Charger Site Test Suite\\20191022_210430\\execution0.log"/>
            <property name="attachments" value=""/>
            <property name="hostName" value="BaPpY - 192.168.0.108"/>
            <property name="os" value="Windows 10 64bit"/>
            <property name="katalonVersion" value="6.3.3.11"/>
            <property name="browser" value="Chrome 77.0.3865.120"/>
            <property name="hostAddress" value="192.168.0.108"/>
            <property name="sessionId" value="c79e7e53efb989e6a64f8db13bab3881"/>
            <property name="seleniumVersion" value="3.141.59"/>
            <property name="proxyInformation" value="ProxyInformation{proxyOption=NO_PROXY, proxyServerType=HTTP, password=, proxyServerAddress=, proxyServerPort=0}"/>
            <property name="platform" value="Windows 10"/>
        </properties>
        <testcase name="Test Cases/Script Mode/Life Charger Site Test Case" classname="Test Cases/Script Mode/Life Charger Site Test Case" status="PASSED">
            <system-out>2019-10-22 21:05:08 - [TEST_CASE][PASSED] - Test Cases/Script Mode/Life Charger Site Test Case: Test Cases/Script Mode/Life Charger Site Test Case&#xD;
&#xD;
2019-10-22 21:05:08 - [TEST_STEP][PASSED] - openBrowser("http://lifecharger.org"): Browser is opened with url: 'http://lifecharger.org'&#xD;
&#xD;
2019-10-22 21:05:09 - [MESSAGE][INFO] - Starting 'Chrome' driver&#xD;
&#xD;
2019-10-22 21:05:09 - [MESSAGE][INFO] - Action delay is set to 0 seconds&#xD;
&#xD;
2019-10-22 21:05:29 - [MESSAGE][PASSED] - Browser is opened with url: 'http://lifecharger.org'&#xD;
&#xD;
2019-10-22 21:05:29 - [TEST_STEP][PASSED] - click(findTestObject("Object Repository/LifeCharger/Page_Life Charger   a new beginning/a_You will definitely reach your goal")): Object: 'Object Repository/LifeCharger/Page_Life Charger   a new beginning/a_You will definitely reach your goal' is clicked on&#xD;
&#xD;
2019-10-22 21:05:33 - [MESSAGE][PASSED] - Object: 'Object Repository/LifeCharger/Page_Life Charger   a new beginning/a_You will definitely reach your goal' is clicked on&#xD;
&#xD;
2019-10-22 21:05:33 - [TEST_STEP][PASSED] - setText(findTestObject("Object Repository/LifeCharger/Page_Life Charger   a new beginning/input_Search for_s"), "Goal"): Text 'Goal' is set on object 'Object Repository/LifeCharger/Page_Life Charger   a new beginning/input_Search for_s'&#xD;
&#xD;
2019-10-22 21:05:33 - [MESSAGE][PASSED] - Text 'Goal' is set on object 'Object Repository/LifeCharger/Page_Life Charger   a new beginning/input_Search for_s'&#xD;
&#xD;
2019-10-22 21:05:33 - [TEST_STEP][PASSED] - click(findTestObject("Object Repository/LifeCharger/Page_Life Charger   a new beginning/span_Search for_fa fa-search")): Object: 'Object Repository/LifeCharger/Page_Life Charger   a new beginning/span_Search for_fa fa-search' is clicked on&#xD;
&#xD;
2019-10-22 21:05:36 - [MESSAGE][PASSED] - Object: 'Object Repository/LifeCharger/Page_Life Charger   a new beginning/span_Search for_fa fa-search' is clicked on&#xD;
&#xD;
2019-10-22 21:05:36 - [TEST_STEP][PASSED] - verifyElementPresent(findTestObject("Object Repository/LifeCharger/Page_Life Charger   a new beginning/a_Home"), 4): Object 'Object Repository/LifeCharger/Page_Life Charger   a new beginning/a_Home' is present&#xD;
&#xD;
2019-10-22 21:05:36 - [MESSAGE][PASSED] - Object 'Object Repository/LifeCharger/Page_Life Charger   a new beginning/a_Home' is present&#xD;
&#xD;
2019-10-22 21:05:36 - [TEST_STEP][PASSED] - closeBrowser(): Browser is closed&#xD;
&#xD;
2019-10-22 21:05:37 - [MESSAGE][PASSED] - Browser is closed</system-out>
            <system-err></system-err>
        </testcase>
        <system-out>2019-10-22 21:05:08 - [TEST_SUITE][INCOMPLETE] - Life Charger Site Test Suite: null</system-out>
        <system-err>2019-10-22 21:05:08 - [TEST_SUITE][INCOMPLETE] - Life Charger Site Test Suite: null</system-err>
    </testsuite>
</testsuites>
